[07-Sep-2022 21:59:35 Asia/Tokyo] デバッグ: ゲームスタート
[07-Sep-2022 21:59:36 Asia/Tokyo] PHP Notice:  Undefined variable: _SESSION in /Applications/MAMP/htdocs/06_php_objective/insect_capture/index.php on line 28
[07-Sep-2022 21:59:36 Asia/Tokyo] デバッグ: $_SESSION: 
[07-Sep-2022 22:02:18 Asia/Tokyo] デバッグ: ゲームスタート
[07-Sep-2022 22:02:20 Asia/Tokyo] PHP Notice:  Undefined variable: _SESSION in /Applications/MAMP/htdocs/06_php_objective/insect_capture/index.php on line 28
[07-Sep-2022 22:02:20 Asia/Tokyo] デバッグ: $_SESSION: 
[07-Sep-2022 22:03:11 Asia/Tokyo] デバッグ: ゲームスタート
[07-Sep-2022 22:03:13 Asia/Tokyo] PHP Notice:  Undefined variable: _SESSION in /Applications/MAMP/htdocs/06_php_objective/insect_capture/index.php on line 28
[07-Sep-2022 22:03:13 Asia/Tokyo] デバッグ: $_SESSION: 
[07-Sep-2022 22:04:15 Asia/Tokyo] デバッグ: ゲームスタート
[07-Sep-2022 22:04:16 Asia/Tokyo] デバッグ: $_SESSION: Array
(
    [history] => 昆虫発見昆虫発見
)

[07-Sep-2022 22:11:54 Asia/Tokyo] デバッグ: ゲームスタート
[07-Sep-2022 22:11:55 Asia/Tokyo] デバッグ: $_SESSION: Array
(
    [history] => 昆虫発見昆虫発見
)

[07-Sep-2022 22:13:26 Asia/Tokyo] デバッグ: ゲームスタート
[07-Sep-2022 22:13:28 Asia/Tokyo] デバッグ: $_SESSION: Array
(
    [history] => 昆虫発見昆虫発見
)

[07-Sep-2022 22:14:46 Asia/Tokyo] デバッグ: ゲームスタート
[07-Sep-2022 22:18:15 Asia/Tokyo] デバッグ: ゲームスタート
[07-Sep-2022 22:18:17 Asia/Tokyo] デバッグ: $_SESSION: Array
(
    [history] => 昆虫発見昆虫発見
)

[07-Sep-2022 22:21:56 Asia/Tokyo] デバッグ: ゲームスタート
[07-Sep-2022 22:22:01 Asia/Tokyo] デバッグ: $_SESSION: Array
(
    [history] => 昆虫発見昆虫発見
)

[07-Sep-2022 22:24:04 Asia/Tokyo] デバッグ: ゲームスタート
[07-Sep-2022 22:24:07 Asia/Tokyo] デバッグ: $_SESSION: Array
(
    [history] => 昆虫発見昆虫発見
)

[08-Sep-2022 22:40:43 Asia/Tokyo] PHP Notice:  Undefined index: insect in /Applications/MAMP/htdocs/06_php_objective/insect_capture/index.php on line 185
[08-Sep-2022 22:40:43 Asia/Tokyo] PHP Fatal error:  Uncaught Error: Call to a member function getName() on null in /Applications/MAMP/htdocs/06_php_objective/insect_capture/index.php:185
Stack trace:
#0 {main}
  thrown in /Applications/MAMP/htdocs/06_php_objective/insect_capture/index.php on line 185
[08-Sep-2022 22:42:04 Asia/Tokyo] デバッグ: ゲームスタート
[08-Sep-2022 22:42:04 Asia/Tokyo] PHP Notice:  Undefined variable: insects in /Applications/MAMP/htdocs/06_php_objective/insect_capture/index.php on line 112
[08-Sep-2022 22:42:04 Asia/Tokyo] PHP Notice:  Trying to access array offset on value of type null in /Applications/MAMP/htdocs/06_php_objective/insect_capture/index.php on line 112
[08-Sep-2022 22:42:04 Asia/Tokyo] PHP Fatal error:  Uncaught Error: Call to a member function getName() on null in /Applications/MAMP/htdocs/06_php_objective/insect_capture/index.php:113
Stack trace:
#0 /Applications/MAMP/htdocs/06_php_objective/insect_capture/index.php(120): encountInsect()
#1 /Applications/MAMP/htdocs/06_php_objective/insect_capture/index.php(139): init()
#2 {main}
  thrown in /Applications/MAMP/htdocs/06_php_objective/insect_capture/index.php on line 113
[08-Sep-2022 22:43:49 Asia/Tokyo] デバッグ: ゲームスタート
[08-Sep-2022 22:43:57 Asia/Tokyo] デバッグ: 逃げた
[08-Sep-2022 22:43:58 Asia/Tokyo] デバッグ: 逃げた
[08-Sep-2022 22:44:00 Asia/Tokyo] デバッグ: 逃げた
[08-Sep-2022 22:44:00 Asia/Tokyo] デバッグ: 逃げた
[08-Sep-2022 22:44:02 Asia/Tokyo] PHP Fatal error:  Uncaught Error: Object of class Insect could not be converted to string in /Applications/MAMP/htdocs/06_php_objective/insect_capture/index.php:145
Stack trace:
#0 {main}
  thrown in /Applications/MAMP/htdocs/06_php_objective/insect_capture/index.php on line 145
[08-Sep-2022 22:44:42 Asia/Tokyo] デバッグ: ゲームスタート
[08-Sep-2022 22:44:44 Asia/Tokyo] デバッグ: 逃げた
[08-Sep-2022 22:44:45 Asia/Tokyo] PHP Fatal error:  Uncaught Error: Object of class Insect could not be converted to string in /Applications/MAMP/htdocs/06_php_objective/insect_capture/index.php:145
Stack trace:
#0 {main}
  thrown in /Applications/MAMP/htdocs/06_php_objective/insect_capture/index.php on line 145
[08-Sep-2022 22:47:12 Asia/Tokyo] デバッグ: ゲームスタート
[08-Sep-2022 22:47:22 Asia/Tokyo] デバッグ: ゲームスタート
[08-Sep-2022 22:47:25 Asia/Tokyo] デバッグ: 逃げた
[08-Sep-2022 22:47:28 Asia/Tokyo] デバッグ: もっとつかまえる
[08-Sep-2022 22:48:42 Asia/Tokyo] デバッグ: ゲームスタート
[08-Sep-2022 22:48:52 Asia/Tokyo] デバッグ: もっとつかまえる
[08-Sep-2022 22:49:04 Asia/Tokyo] デバッグ: もっとつかまえる
[08-Sep-2022 22:49:12 Asia/Tokyo] デバッグ: 逃げた
[08-Sep-2022 22:49:13 Asia/Tokyo] デバッグ: 逃げた
[08-Sep-2022 22:49:16 Asia/Tokyo] デバッグ: 逃げた
[08-Sep-2022 22:49:17 Asia/Tokyo] デバッグ: 逃げた
[08-Sep-2022 22:49:17 Asia/Tokyo] デバッグ: 逃げた
[08-Sep-2022 22:49:18 Asia/Tokyo] デバッグ: 逃げた
[08-Sep-2022 22:49:19 Asia/Tokyo] デバッグ: 逃げた
[09-Sep-2022 13:23:45 Asia/Tokyo] デバッグ: ゲームスタート
[09-Sep-2022 14:29:52 Asia/Tokyo] デバッグ: ゲームスタート
[09-Sep-2022 14:30:00 Asia/Tokyo] デバッグ: もっとつかまえる
[09-Sep-2022 14:30:04 Asia/Tokyo] デバッグ: 逃げた
[09-Sep-2022 14:30:28 Asia/Tokyo] デバッグ: もっとつかまえる
[09-Sep-2022 14:30:59 Asia/Tokyo] デバッグ: もっとつかまえる
[10-Sep-2022 15:54:59 Asia/Tokyo] デバッグ: ゲームスタート
[10-Sep-2022 15:57:13 Asia/Tokyo] デバッグ: ゲームスタート
[10-Sep-2022 15:57:16 Asia/Tokyo] デバッグ: もっとつかまえる
[10-Sep-2022 15:57:18 Asia/Tokyo] デバッグ: 逃げた
[10-Sep-2022 15:57:30 Asia/Tokyo] デバッグ: もっとつかまえる
[10-Sep-2022 16:26:16 Asia/Tokyo] デバッグ: ゲームスタート
[10-Sep-2022 16:26:23 Asia/Tokyo] デバッグ: 観察する
[10-Sep-2022 16:32:06 Asia/Tokyo] デバッグ: ゲームスタート
[10-Sep-2022 16:32:11 Asia/Tokyo] デバッグ: 観察する
[10-Sep-2022 16:36:02 Asia/Tokyo] デバッグ: ゲームスタート
[10-Sep-2022 16:36:07 Asia/Tokyo] デバッグ: もっとつかまえる
[10-Sep-2022 16:36:09 Asia/Tokyo] デバッグ: 逃げた
[10-Sep-2022 16:36:14 Asia/Tokyo] デバッグ: もっとつかまえる
[10-Sep-2022 16:36:16 Asia/Tokyo] デバッグ: 逃げた
[10-Sep-2022 16:36:19 Asia/Tokyo] デバッグ: 観察する
[10-Sep-2022 16:38:16 Asia/Tokyo] デバッグ: ゲームスタート
[10-Sep-2022 16:38:20 Asia/Tokyo] デバッグ: 観察する
[10-Sep-2022 16:40:56 Asia/Tokyo] デバッグ: ゲームスタート
[10-Sep-2022 16:41:00 Asia/Tokyo] デバッグ: 観察する
[10-Sep-2022 16:41:01 Asia/Tokyo] デバッグ: 上の虫かごをかんさつ
[10-Sep-2022 16:58:36 Asia/Tokyo] デバッグ: ゲームスタート
[10-Sep-2022 16:58:41 Asia/Tokyo] デバッグ: もっとつかまえる
[10-Sep-2022 16:58:42 Asia/Tokyo] デバッグ: 逃げた
[10-Sep-2022 16:58:44 Asia/Tokyo] デバッグ: 逃げた
[10-Sep-2022 16:58:49 Asia/Tokyo] デバッグ: もっとつかまえる
[10-Sep-2022 16:59:00 Asia/Tokyo] デバッグ: 観察する
[10-Sep-2022 16:59:02 Asia/Tokyo] デバッグ: 上の虫かごをかんさつ
[10-Sep-2022 17:07:56 Asia/Tokyo] デバッグ: ゲームスタート
[10-Sep-2022 17:09:21 Asia/Tokyo] デバッグ: ゲームスタート
[10-Sep-2022 17:10:27 Asia/Tokyo] デバッグ: 観察する
[10-Sep-2022 17:10:30 Asia/Tokyo] デバッグ: 上の虫かごをかんさつ
[10-Sep-2022 17:18:50 Asia/Tokyo] デバッグ: ゲームスタート
[10-Sep-2022 17:19:02 Asia/Tokyo] デバッグ: もっとつかまえる
[10-Sep-2022 17:19:08 Asia/Tokyo] デバッグ: もっとつかまえる
[10-Sep-2022 17:19:17 Asia/Tokyo] デバッグ: 観察する
[10-Sep-2022 17:19:19 Asia/Tokyo] デバッグ: 下の虫かごをかんさつ
[10-Sep-2022 17:22:33 Asia/Tokyo] デバッグ: やめる
[10-Sep-2022 17:22:34 Asia/Tokyo] デバッグ: ゲームスタート
[10-Sep-2022 17:22:51 Asia/Tokyo] デバッグ: 観察する
[10-Sep-2022 17:22:52 Asia/Tokyo] デバッグ: 上の虫かごをかんさつ
[10-Sep-2022 17:25:00 Asia/Tokyo] デバッグ: ゲームスタート
[10-Sep-2022 17:25:15 Asia/Tokyo] デバッグ: もっとつかまえる
[10-Sep-2022 17:25:18 Asia/Tokyo] デバッグ: 観察する
[10-Sep-2022 17:25:19 Asia/Tokyo] デバッグ: 真ん中の虫かごをかんさつ
[10-Sep-2022 17:25:29 Asia/Tokyo] デバッグ: もっとつかまえる
[10-Sep-2022 17:26:41 Asia/Tokyo] デバッグ: ゲームスタート
[10-Sep-2022 17:26:45 Asia/Tokyo] デバッグ: 観察する
[10-Sep-2022 17:26:47 Asia/Tokyo] デバッグ: 上の虫かごをかんさつ
[10-Sep-2022 17:28:46 Asia/Tokyo] デバッグ: やめる
[10-Sep-2022 17:28:49 Asia/Tokyo] デバッグ: ゲームスタート
[10-Sep-2022 17:29:01 Asia/Tokyo] デバッグ: やめる
[10-Sep-2022 17:29:04 Asia/Tokyo] デバッグ: ゲームスタート
[10-Sep-2022 17:33:25 Asia/Tokyo] デバッグ: ゲームスタート
[10-Sep-2022 17:33:30 Asia/Tokyo] デバッグ: 観察する
[10-Sep-2022 17:33:31 Asia/Tokyo] デバッグ: 上の虫かごをかんさつ
[10-Sep-2022 17:33:49 Asia/Tokyo] デバッグ: やめる
[11-Sep-2022 15:54:38 Asia/Tokyo] デバッグ: ゲームスタート
[11-Sep-2022 15:54:41 Asia/Tokyo] デバッグ: もっとつかまえる
[11-Sep-2022 15:54:44 Asia/Tokyo] デバッグ: もっとつかまえる
[11-Sep-2022 16:45:07 Asia/Tokyo] デバッグ: ゲームスタート
[11-Sep-2022 16:45:09 Asia/Tokyo] PHP Notice:  Undefined variable: cage_full in /Applications/MAMP/htdocs/06_php_objective/insect_capture/index.php on line 304
[11-Sep-2022 16:45:09 Asia/Tokyo] PHP Notice:  Undefined variable: cage_full in /Applications/MAMP/htdocs/06_php_objective/insect_capture/index.php on line 308
[11-Sep-2022 16:45:09 Asia/Tokyo] PHP Notice:  Undefined variable: cage_full in /Applications/MAMP/htdocs/06_php_objective/insect_capture/index.php on line 314
[11-Sep-2022 16:45:09 Asia/Tokyo] PHP Notice:  Undefined variable: cage_full in /Applications/MAMP/htdocs/06_php_objective/insect_capture/index.php on line 367
[11-Sep-2022 16:46:16 Asia/Tokyo] デバッグ: もっとつかまえる
[11-Sep-2022 16:46:16 Asia/Tokyo] PHP Notice:  Undefined variable: cage_full in /Applications/MAMP/htdocs/06_php_objective/insect_capture/index.php on line 304
[11-Sep-2022 16:46:16 Asia/Tokyo] PHP Notice:  Undefined variable: cage_full in /Applications/MAMP/htdocs/06_php_objective/insect_capture/index.php on line 308
[11-Sep-2022 16:46:16 Asia/Tokyo] PHP Notice:  Undefined variable: cage_full in /Applications/MAMP/htdocs/06_php_objective/insect_capture/index.php on line 314
[11-Sep-2022 16:46:16 Asia/Tokyo] PHP Notice:  Undefined variable: cage_full in /Applications/MAMP/htdocs/06_php_objective/insect_capture/index.php on line 367
[11-Sep-2022 16:46:17 Asia/Tokyo] PHP Notice:  Undefined variable: cage_full in /Applications/MAMP/htdocs/06_php_objective/insect_capture/index.php on line 304
[11-Sep-2022 16:46:17 Asia/Tokyo] PHP Notice:  Undefined variable: cage_full in /Applications/MAMP/htdocs/06_php_objective/insect_capture/index.php on line 308
[11-Sep-2022 16:46:17 Asia/Tokyo] PHP Notice:  Undefined variable: cage_full in /Applications/MAMP/htdocs/06_php_objective/insect_capture/index.php on line 314
[11-Sep-2022 16:46:17 Asia/Tokyo] PHP Notice:  Undefined variable: cage_full in /Applications/MAMP/htdocs/06_php_objective/insect_capture/index.php on line 324
[11-Sep-2022 16:46:17 Asia/Tokyo] PHP Notice:  Undefined variable: cage_full in /Applications/MAMP/htdocs/06_php_objective/insect_capture/index.php on line 330
[11-Sep-2022 16:46:17 Asia/Tokyo] PHP Notice:  Undefined variable: cage_full in /Applications/MAMP/htdocs/06_php_objective/insect_capture/index.php on line 367
[11-Sep-2022 16:46:18 Asia/Tokyo] デバッグ: もっとつかまえる
[11-Sep-2022 16:46:18 Asia/Tokyo] PHP Notice:  Undefined variable: cage_full in /Applications/MAMP/htdocs/06_php_objective/insect_capture/index.php on line 304
[11-Sep-2022 16:46:18 Asia/Tokyo] PHP Notice:  Undefined variable: cage_full in /Applications/MAMP/htdocs/06_php_objective/insect_capture/index.php on line 308
[11-Sep-2022 16:46:18 Asia/Tokyo] PHP Notice:  Undefined variable: cage_full in /Applications/MAMP/htdocs/06_php_objective/insect_capture/index.php on line 314
[11-Sep-2022 16:46:18 Asia/Tokyo] PHP Notice:  Undefined variable: cage_full in /Applications/MAMP/htdocs/06_php_objective/insect_capture/index.php on line 324
[11-Sep-2022 16:46:18 Asia/Tokyo] PHP Notice:  Undefined variable: cage_full in /Applications/MAMP/htdocs/06_php_objective/insect_capture/index.php on line 330
[11-Sep-2022 16:46:18 Asia/Tokyo] PHP Notice:  Undefined variable: cage_full in /Applications/MAMP/htdocs/06_php_objective/insect_capture/index.php on line 367
[11-Sep-2022 16:46:20 Asia/Tokyo] PHP Notice:  Undefined variable: cage_full in /Applications/MAMP/htdocs/06_php_objective/insect_capture/index.php on line 304
[11-Sep-2022 16:46:20 Asia/Tokyo] PHP Notice:  Undefined variable: cage_full in /Applications/MAMP/htdocs/06_php_objective/insect_capture/index.php on line 308
[11-Sep-2022 16:46:20 Asia/Tokyo] PHP Notice:  Undefined variable: cage_full in /Applications/MAMP/htdocs/06_php_objective/insect_capture/index.php on line 314
[11-Sep-2022 16:46:20 Asia/Tokyo] PHP Notice:  Undefined variable: cage_full in /Applications/MAMP/htdocs/06_php_objective/insect_capture/index.php on line 324
[11-Sep-2022 16:46:20 Asia/Tokyo] PHP Notice:  Undefined variable: cage_full in /Applications/MAMP/htdocs/06_php_objective/insect_capture/index.php on line 330
[11-Sep-2022 16:46:20 Asia/Tokyo] PHP Notice:  Undefined variable: cage_full in /Applications/MAMP/htdocs/06_php_objective/insect_capture/index.php on line 340
[11-Sep-2022 16:46:20 Asia/Tokyo] PHP Notice:  Undefined variable: cage_full in /Applications/MAMP/htdocs/06_php_objective/insect_capture/index.php on line 346
[11-Sep-2022 16:46:20 Asia/Tokyo] PHP Notice:  Undefined variable: cage_full in /Applications/MAMP/htdocs/06_php_objective/insect_capture/index.php on line 367
[11-Sep-2022 16:49:35 Asia/Tokyo] デバッグ: ゲームスタート
[11-Sep-2022 16:49:36 Asia/Tokyo] PHP Notice:  Undefined variable: cage_full in /Applications/MAMP/htdocs/06_php_objective/insect_capture/index.php on line 302
[11-Sep-2022 16:49:36 Asia/Tokyo] PHP Notice:  Undefined variable: cage_full in /Applications/MAMP/htdocs/06_php_objective/insect_capture/index.php on line 306
[11-Sep-2022 16:49:36 Asia/Tokyo] PHP Notice:  Undefined variable: cage_full in /Applications/MAMP/htdocs/06_php_objective/insect_capture/index.php on line 312
[11-Sep-2022 16:49:36 Asia/Tokyo] PHP Notice:  Undefined variable: cage_full in /Applications/MAMP/htdocs/06_php_objective/insect_capture/index.php on line 365
[11-Sep-2022 16:50:37 Asia/Tokyo] デバッグ: やめる
[11-Sep-2022 16:50:49 Asia/Tokyo] デバッグ: ゲームスタート
[11-Sep-2022 16:50:52 Asia/Tokyo] デバッグ: もっとつかまえる
[11-Sep-2022 16:50:52 Asia/Tokyo] PHP Notice:  Undefined variable: cage_full in /Applications/MAMP/htdocs/06_php_objective/insect_capture/index.php on line 302
[11-Sep-2022 16:50:52 Asia/Tokyo] PHP Notice:  Undefined variable: cage_full in /Applications/MAMP/htdocs/06_php_objective/insect_capture/index.php on line 306
[11-Sep-2022 16:50:52 Asia/Tokyo] PHP Notice:  Undefined variable: cage_full in /Applications/MAMP/htdocs/06_php_objective/insect_capture/index.php on line 312
[11-Sep-2022 16:50:52 Asia/Tokyo] PHP Notice:  Undefined variable: cage_full in /Applications/MAMP/htdocs/06_php_objective/insect_capture/index.php on line 365
[11-Sep-2022 16:50:56 Asia/Tokyo] デバッグ: もっとつかまえる
[11-Sep-2022 16:50:56 Asia/Tokyo] PHP Notice:  Undefined variable: cage_full in /Applications/MAMP/htdocs/06_php_objective/insect_capture/index.php on line 302
[11-Sep-2022 16:50:56 Asia/Tokyo] PHP Notice:  Undefined variable: cage_full in /Applications/MAMP/htdocs/06_php_objective/insect_capture/index.php on line 306
[11-Sep-2022 16:50:56 Asia/Tokyo] PHP Notice:  Undefined variable: cage_full in /Applications/MAMP/htdocs/06_php_objective/insect_capture/index.php on line 312
[11-Sep-2022 16:50:56 Asia/Tokyo] PHP Notice:  Undefined variable: cage_full in /Applications/MAMP/htdocs/06_php_objective/insect_capture/index.php on line 322
[11-Sep-2022 16:50:56 Asia/Tokyo] PHP Notice:  Undefined variable: cage_full in /Applications/MAMP/htdocs/06_php_objective/insect_capture/index.php on line 328
[11-Sep-2022 16:50:56 Asia/Tokyo] PHP Notice:  Undefined variable: cage_full in /Applications/MAMP/htdocs/06_php_objective/insect_capture/index.php on line 365
[11-Sep-2022 16:52:39 Asia/Tokyo] デバッグ: ゲームスタート
[11-Sep-2022 16:52:41 Asia/Tokyo] デバッグ: もっとつかまえる
[11-Sep-2022 16:52:44 Asia/Tokyo] デバッグ: もっとつかまえる
[11-Sep-2022 16:52:46 Asia/Tokyo] デバッグ: もっとつかまえる
[11-Sep-2022 16:52:48 Asia/Tokyo] デバッグ: 逃げた
[11-Sep-2022 16:52:49 Asia/Tokyo] デバッグ: 逃げた
[11-Sep-2022 16:53:11 Asia/Tokyo] デバッグ: 真ん中の虫をにがした
[11-Sep-2022 16:53:25 Asia/Tokyo] デバッグ: やめる
[11-Sep-2022 16:53:26 Asia/Tokyo] デバッグ: ゲームスタート
[11-Sep-2022 16:58:09 Asia/Tokyo] デバッグ: ゲームスタート
[11-Sep-2022 16:58:30 Asia/Tokyo] デバッグ: もっとつかまえる
[11-Sep-2022 16:58:34 Asia/Tokyo] デバッグ: 逃げた
[11-Sep-2022 16:58:35 Asia/Tokyo] デバッグ: 逃げた
[11-Sep-2022 16:58:38 Asia/Tokyo] デバッグ: もっとつかまえる
[11-Sep-2022 16:58:39 Asia/Tokyo] デバッグ: 逃げた
[11-Sep-2022 16:58:40 Asia/Tokyo] デバッグ: 逃げた
[11-Sep-2022 16:58:41 Asia/Tokyo] デバッグ: 逃げた
[11-Sep-2022 16:58:41 Asia/Tokyo] デバッグ: 逃げた
[11-Sep-2022 16:58:42 Asia/Tokyo] デバッグ: 逃げた
[11-Sep-2022 16:58:42 Asia/Tokyo] デバッグ: 逃げた
[11-Sep-2022 16:58:43 Asia/Tokyo] デバッグ: 逃げた
[11-Sep-2022 16:58:44 Asia/Tokyo] デバッグ: 逃げた
[11-Sep-2022 16:58:48 Asia/Tokyo] デバッグ: 逃げた
[11-Sep-2022 16:58:48 Asia/Tokyo] デバッグ: 逃げた
[11-Sep-2022 16:58:53 Asia/Tokyo] デバッグ: もっとつかまえる
[11-Sep-2022 16:58:54 Asia/Tokyo] デバッグ: 逃げた
[11-Sep-2022 16:59:06 Asia/Tokyo] デバッグ: 上の虫をにがした
[11-Sep-2022 17:00:04 Asia/Tokyo] デバッグ: もっとつかまえる
[11-Sep-2022 17:00:07 Asia/Tokyo] デバッグ: 逃げた
[11-Sep-2022 17:00:07 Asia/Tokyo] デバッグ: 逃げた
[11-Sep-2022 17:00:08 Asia/Tokyo] デバッグ: 逃げた
[11-Sep-2022 17:00:08 Asia/Tokyo] デバッグ: 逃げた
[11-Sep-2022 17:00:09 Asia/Tokyo] デバッグ: 逃げた
[11-Sep-2022 17:00:12 Asia/Tokyo] デバッグ: 上の虫をにがした
[11-Sep-2022 17:02:12 Asia/Tokyo] デバッグ: もっとつかまえる
[11-Sep-2022 17:02:16 Asia/Tokyo] デバッグ: 上の虫をにがした
[11-Sep-2022 17:02:27 Asia/Tokyo] デバッグ: もっとつかまえる
[11-Sep-2022 17:03:03 Asia/Tokyo] デバッグ: 上の虫をにがした
[11-Sep-2022 17:15:21 Asia/Tokyo] デバッグ: やめる
[11-Sep-2022 17:15:40 Asia/Tokyo] デバッグ: ゲームスタート
[11-Sep-2022 17:19:14 Asia/Tokyo] デバッグ: ゲームスタート
[11-Sep-2022 17:19:37 Asia/Tokyo] デバッグ: もっとつかまえる
[11-Sep-2022 17:19:43 Asia/Tokyo] デバッグ: もっとつかまえる
[11-Sep-2022 17:19:48 Asia/Tokyo] デバッグ: 逃げた
[11-Sep-2022 17:19:56 Asia/Tokyo] デバッグ: もっとつかまえる
[11-Sep-2022 17:20:02 Asia/Tokyo] デバッグ: 上の虫をにがした
[11-Sep-2022 17:29:35 Asia/Tokyo] デバッグ: ゲームスタート
[11-Sep-2022 17:30:03 Asia/Tokyo] デバッグ: ゲームスタート
[11-Sep-2022 17:30:08 Asia/Tokyo] デバッグ: ゲームスタート
[11-Sep-2022 17:30:25 Asia/Tokyo] デバッグ: ゲームスタート
[11-Sep-2022 17:30:33 Asia/Tokyo] デバッグ: ゲームスタート
[11-Sep-2022 17:30:34 Asia/Tokyo] デバッグ: ゲームスタート
[11-Sep-2022 17:31:04 Asia/Tokyo] デバッグ: ゲームスタート
[11-Sep-2022 17:31:10 Asia/Tokyo] デバッグ: もっとつかまえる
[11-Sep-2022 17:31:13 Asia/Tokyo] デバッグ: もっとつかまえる
[11-Sep-2022 17:31:26 Asia/Tokyo] デバッグ: もっとつかまえる
[11-Sep-2022 17:31:27 Asia/Tokyo] デバッグ: 逃げた
[11-Sep-2022 17:31:34 Asia/Tokyo] デバッグ: 今つかまえた虫をにがした
[11-Sep-2022 17:37:55 Asia/Tokyo] デバッグ: ゲームスタート
[11-Sep-2022 17:37:59 Asia/Tokyo] デバッグ: もっとつかまえる
[11-Sep-2022 17:38:01 Asia/Tokyo] デバッグ: もっとつかまえる
[11-Sep-2022 17:38:02 Asia/Tokyo] デバッグ: 逃げた
[11-Sep-2022 17:38:03 Asia/Tokyo] デバッグ: 逃げた
[11-Sep-2022 17:38:03 Asia/Tokyo] デバッグ: 逃げた
[11-Sep-2022 17:38:06 Asia/Tokyo] デバッグ: もっとつかまえる
[11-Sep-2022 17:38:08 Asia/Tokyo] デバッグ: 逃げた
[11-Sep-2022 17:38:08 Asia/Tokyo] デバッグ: 逃げた
[11-Sep-2022 17:38:09 Asia/Tokyo] デバッグ: 逃げた
[11-Sep-2022 17:38:13 Asia/Tokyo] デバッグ: 上の虫をにがした
[11-Sep-2022 17:39:41 Asia/Tokyo] デバッグ: ゲームスタート
[11-Sep-2022 17:39:43 Asia/Tokyo] デバッグ: もっとつかまえる
[11-Sep-2022 17:39:46 Asia/Tokyo] デバッグ: もっとつかまえる
[11-Sep-2022 17:39:48 Asia/Tokyo] デバッグ: もっとつかまえる
[11-Sep-2022 17:39:49 Asia/Tokyo] デバッグ: 逃げた
[11-Sep-2022 17:39:55 Asia/Tokyo] デバッグ: 上の虫をにがした
[11-Sep-2022 17:42:16 Asia/Tokyo] デバッグ: ゲームスタート
[11-Sep-2022 17:42:19 Asia/Tokyo] デバッグ: もっとつかまえる
[11-Sep-2022 17:42:22 Asia/Tokyo] デバッグ: もっとつかまえる
[11-Sep-2022 17:42:54 Asia/Tokyo] デバッグ: もっとつかまえる
[11-Sep-2022 17:44:30 Asia/Tokyo] デバッグ: 上の虫をにがした
[11-Sep-2022 17:52:10 Asia/Tokyo] デバッグ: 観察する
[11-Sep-2022 17:52:12 Asia/Tokyo] デバッグ: 下の虫かごをかんさつ
[11-Sep-2022 17:52:16 Asia/Tokyo] デバッグ: 観察する
[11-Sep-2022 17:52:17 Asia/Tokyo] デバッグ: 真ん中の虫かごをかんさつ
[11-Sep-2022 17:52:19 Asia/Tokyo] デバッグ: 観察する
[11-Sep-2022 17:52:20 Asia/Tokyo] デバッグ: 上の虫かごをかんさつ
[11-Sep-2022 17:53:22 Asia/Tokyo] デバッグ: もっとつかまえる
[11-Sep-2022 17:53:26 Asia/Tokyo] デバッグ: 下の虫をにがした
[11-Sep-2022 17:53:54 Asia/Tokyo] デバッグ: 観察する
[11-Sep-2022 17:53:56 Asia/Tokyo] デバッグ: 下の虫かごをかんさつ
[11-Sep-2022 17:53:59 Asia/Tokyo] デバッグ: もっとつかまえる
[11-Sep-2022 17:54:03 Asia/Tokyo] デバッグ: 上の虫をにがした
[11-Sep-2022 17:58:21 Asia/Tokyo] デバッグ: ゲームスタート
[11-Sep-2022 17:58:24 Asia/Tokyo] デバッグ: もっとつかまえる
[11-Sep-2022 17:58:26 Asia/Tokyo] デバッグ: もっとつかまえる
[11-Sep-2022 17:58:27 Asia/Tokyo] デバッグ: 逃げた
[11-Sep-2022 17:58:30 Asia/Tokyo] デバッグ: もっとつかまえる
[11-Sep-2022 17:58:36 Asia/Tokyo] デバッグ: 上の虫をにがした
[11-Sep-2022 17:58:36 Asia/Tokyo] デバッグ: Insect Object
(
    [name:protected] => モンシロチョウ
    [img:protected] => img/img_02.png
    [size:protected] => 小
    [rarity:protected] => ★×3
)

[11-Sep-2022 17:58:36 Asia/Tokyo] デバッグ: Cage Object
(
    [name:protected] => アゲハチョウ
    [img:protected] => img/img_01.png
    [size:protected] => 中
    [rarity:protected] => ★×3
)

[11-Sep-2022 18:02:48 Asia/Tokyo] デバッグ: ゲームスタート
[11-Sep-2022 18:02:52 Asia/Tokyo] デバッグ: もっとつかまえる
[11-Sep-2022 18:02:54 Asia/Tokyo] デバッグ: もっとつかまえる
[11-Sep-2022 18:02:56 Asia/Tokyo] デバッグ: もっとつかまえる
[11-Sep-2022 18:03:00 Asia/Tokyo] デバッグ: 下の虫をにがした
[11-Sep-2022 18:06:26 Asia/Tokyo] デバッグ: ゲームスタート
[11-Sep-2022 18:06:28 Asia/Tokyo] デバッグ: もっとつかまえる
[11-Sep-2022 18:06:29 Asia/Tokyo] デバッグ: もっとつかまえる
[11-Sep-2022 18:06:33 Asia/Tokyo] デバッグ: もっとつかまえる
[11-Sep-2022 18:06:34 Asia/Tokyo] デバッグ: 逃げた
[11-Sep-2022 18:06:35 Asia/Tokyo] デバッグ: 逃げた
[11-Sep-2022 18:06:38 Asia/Tokyo] デバッグ: 上の虫をにがした
[11-Sep-2022 18:06:38 Asia/Tokyo] PHP Fatal error:  Uncaught Error: Object of class Cage could not be converted to string in /Applications/MAMP/htdocs/06_php_objective/insect_capture/index.php:292
Stack trace:
#0 {main}
  thrown in /Applications/MAMP/htdocs/06_php_objective/insect_capture/index.php on line 292
[11-Sep-2022 18:07:53 Asia/Tokyo] PHP Notice:  Undefined variable: observe_flag in /Applications/MAMP/htdocs/06_php_objective/insect_capture/index.php on line 306
[11-Sep-2022 18:07:53 Asia/Tokyo] PHP Notice:  Undefined variable: cage_full in /Applications/MAMP/htdocs/06_php_objective/insect_capture/index.php on line 306
[11-Sep-2022 18:07:53 Asia/Tokyo] PHP Notice:  Undefined variable: observe_flag in /Applications/MAMP/htdocs/06_php_objective/insect_capture/index.php on line 310
[11-Sep-2022 18:07:53 Asia/Tokyo] PHP Notice:  Undefined variable: cage_full in /Applications/MAMP/htdocs/06_php_objective/insect_capture/index.php on line 310
[11-Sep-2022 18:07:53 Asia/Tokyo] PHP Notice:  Undefined variable: observe_flag in /Applications/MAMP/htdocs/06_php_objective/insect_capture/index.php on line 316
[11-Sep-2022 18:07:53 Asia/Tokyo] PHP Notice:  Undefined variable: cage_full in /Applications/MAMP/htdocs/06_php_objective/insect_capture/index.php on line 316
[11-Sep-2022 18:07:53 Asia/Tokyo] PHP Notice:  Undefined variable: observe_flag in /Applications/MAMP/htdocs/06_php_objective/insect_capture/index.php on line 326
[11-Sep-2022 18:07:53 Asia/Tokyo] PHP Notice:  Undefined variable: cage_full in /Applications/MAMP/htdocs/06_php_objective/insect_capture/index.php on line 326
[11-Sep-2022 18:07:53 Asia/Tokyo] PHP Notice:  Undefined variable: observe_flag in /Applications/MAMP/htdocs/06_php_objective/insect_capture/index.php on line 332
[11-Sep-2022 18:07:53 Asia/Tokyo] PHP Notice:  Undefined variable: cage_full in /Applications/MAMP/htdocs/06_php_objective/insect_capture/index.php on line 332
[11-Sep-2022 18:07:53 Asia/Tokyo] PHP Notice:  Undefined variable: observe_flag in /Applications/MAMP/htdocs/06_php_objective/insect_capture/index.php on line 342
[11-Sep-2022 18:07:53 Asia/Tokyo] PHP Notice:  Undefined variable: cage_full in /Applications/MAMP/htdocs/06_php_objective/insect_capture/index.php on line 342
[11-Sep-2022 18:07:53 Asia/Tokyo] PHP Notice:  Undefined variable: observe_flag in /Applications/MAMP/htdocs/06_php_objective/insect_capture/index.php on line 348
[11-Sep-2022 18:07:53 Asia/Tokyo] PHP Notice:  Undefined variable: cage_full in /Applications/MAMP/htdocs/06_php_objective/insect_capture/index.php on line 348
[11-Sep-2022 18:07:53 Asia/Tokyo] PHP Notice:  Undefined variable: observe_flag in /Applications/MAMP/htdocs/06_php_objective/insect_capture/index.php on line 369
[11-Sep-2022 18:07:53 Asia/Tokyo] PHP Notice:  Undefined variable: cage_full in /Applications/MAMP/htdocs/06_php_objective/insect_capture/index.php on line 369
[11-Sep-2022 18:07:58 Asia/Tokyo] デバッグ: 下の虫をにがした
[11-Sep-2022 18:12:08 Asia/Tokyo] デバッグ: ゲームスタート
[11-Sep-2022 18:12:10 Asia/Tokyo] デバッグ: もっとつかまえる
[11-Sep-2022 18:12:12 Asia/Tokyo] デバッグ: もっとつかまえる
[11-Sep-2022 18:12:14 Asia/Tokyo] デバッグ: もっとつかまえる
[11-Sep-2022 18:12:22 Asia/Tokyo] デバッグ: 上の虫をにがした
[12-Sep-2022 09:56:13 Asia/Tokyo] デバッグ: ゲームスタート
[12-Sep-2022 09:56:17 Asia/Tokyo] デバッグ: もっとつかまえる
[12-Sep-2022 09:56:19 Asia/Tokyo] デバッグ: 逃げた
[12-Sep-2022 09:56:22 Asia/Tokyo] デバッグ: もっとつかまえる
[12-Sep-2022 09:56:23 Asia/Tokyo] デバッグ: 逃げた
[12-Sep-2022 09:56:24 Asia/Tokyo] デバッグ: 逃げた
[12-Sep-2022 09:56:26 Asia/Tokyo] デバッグ: 観察する
[12-Sep-2022 09:56:32 Asia/Tokyo] デバッグ: 真ん中の虫かごをかんさつ
[12-Sep-2022 09:56:32 Asia/Tokyo] デバッグ: Cage Object
(
    [name:protected] => モンシロチョウ
    [img:protected] => img/img_02.png
    [size:protected] => 小
    [rarity:protected] => ★×3
)

[12-Sep-2022 09:56:56 Asia/Tokyo] デバッグ: 観察する
[12-Sep-2022 09:56:58 Asia/Tokyo] デバッグ: 下の虫かごをかんさつ
[12-Sep-2022 09:56:58 Asia/Tokyo] デバッグ: Cage Object
(
    [name:protected] => アゲハチョウ
    [img:protected] => img/img_01.png
    [size:protected] => 中
    [rarity:protected] => ★×3
)

[12-Sep-2022 09:57:04 Asia/Tokyo] デバッグ: 観察する
[12-Sep-2022 09:57:05 Asia/Tokyo] デバッグ: 上の虫かごをかんさつ
[12-Sep-2022 09:57:05 Asia/Tokyo] デバッグ: Cage Object
(
    [name:protected] => アゲハチョウ
    [img:protected] => img/img_01.png
    [size:protected] => 中
    [rarity:protected] => ★×3
)

[12-Sep-2022 09:57:17 Asia/Tokyo] デバッグ: もっとつかまえる
[12-Sep-2022 09:57:21 Asia/Tokyo] デバッグ: 逃げた
[12-Sep-2022 09:57:22 Asia/Tokyo] デバッグ: 逃げた
[12-Sep-2022 09:57:22 Asia/Tokyo] デバッグ: 逃げた
[12-Sep-2022 09:57:25 Asia/Tokyo] デバッグ: 上の虫をにがした
[12-Sep-2022 09:57:37 Asia/Tokyo] デバッグ: 観察する
[12-Sep-2022 09:57:39 Asia/Tokyo] デバッグ: 上の虫かごをかんさつ
[12-Sep-2022 09:57:39 Asia/Tokyo] デバッグ: Cage Object
(
    [name:protected] => モンシロチョウ
    [img:protected] => img/img_02.png
    [size:protected] => 大
    [rarity:protected] => ★×3
)

[12-Sep-2022 09:57:54 Asia/Tokyo] デバッグ: 観察する
[12-Sep-2022 09:57:55 Asia/Tokyo] デバッグ: 真ん中の虫かごをかんさつ
[12-Sep-2022 09:57:55 Asia/Tokyo] デバッグ: Cage Object
(
    [name:protected] => モンシロチョウ
    [img:protected] => img/img_02.png
    [size:protected] => 小
    [rarity:protected] => ★×3
)

[12-Sep-2022 10:01:44 Asia/Tokyo] デバッグ: ゲームスタート
[12-Sep-2022 10:01:46 Asia/Tokyo] デバッグ: もっとつかまえる
[12-Sep-2022 10:01:47 Asia/Tokyo] デバッグ: もっとつかまえる
[12-Sep-2022 10:01:49 Asia/Tokyo] デバッグ: もっとつかまえる
[12-Sep-2022 10:01:55 Asia/Tokyo] デバッグ: 下の虫をにがした
[12-Sep-2022 10:19:58 Asia/Tokyo] デバッグ: ゲームスタート
[12-Sep-2022 10:20:00 Asia/Tokyo] デバッグ: もっとつかまえる
[12-Sep-2022 10:20:02 Asia/Tokyo] デバッグ: もっとつかまえる
[12-Sep-2022 10:20:04 Asia/Tokyo] デバッグ: 逃げた
[12-Sep-2022 10:20:06 Asia/Tokyo] デバッグ: もっとつかまえる
[12-Sep-2022 10:20:07 Asia/Tokyo] デバッグ: 逃げた
[12-Sep-2022 10:20:08 Asia/Tokyo] デバッグ: 逃げた
[12-Sep-2022 10:20:15 Asia/Tokyo] デバッグ: 上の虫をにがした
[12-Sep-2022 10:21:45 Asia/Tokyo] デバッグ: ゲームスタート
[12-Sep-2022 10:21:48 Asia/Tokyo] デバッグ: もっとつかまえる
[12-Sep-2022 10:21:50 Asia/Tokyo] デバッグ: もっとつかまえる
[12-Sep-2022 10:21:51 Asia/Tokyo] デバッグ: 逃げた
[12-Sep-2022 10:21:55 Asia/Tokyo] デバッグ: もっとつかまえる
[12-Sep-2022 10:21:59 Asia/Tokyo] デバッグ: 真ん中の虫をにがした
[12-Sep-2022 10:21:59 Asia/Tokyo] PHP Fatal error:  Uncaught Error: Object of class Cage could not be converted to string in /Applications/MAMP/htdocs/06_php_objective/insect_capture/index.php:295
Stack trace:
#0 {main}
  thrown in /Applications/MAMP/htdocs/06_php_objective/insect_capture/index.php on line 295
[12-Sep-2022 10:25:48 Asia/Tokyo] デバッグ: ゲームスタート
[12-Sep-2022 10:25:49 Asia/Tokyo] デバッグ: もっとつかまえる
[12-Sep-2022 10:25:51 Asia/Tokyo] デバッグ: もっとつかまえる
[12-Sep-2022 10:25:53 Asia/Tokyo] デバッグ: もっとつかまえる
[12-Sep-2022 10:25:57 Asia/Tokyo] デバッグ: 上の虫をにがした
[12-Sep-2022 10:25:57 Asia/Tokyo] PHP Fatal error:  Uncaught Error: Object of class Insect could not be converted to string in /Applications/MAMP/htdocs/06_php_objective/insect_capture/index.php:292
Stack trace:
#0 {main}
  thrown in /Applications/MAMP/htdocs/06_php_objective/insect_capture/index.php on line 292
[12-Sep-2022 10:27:33 Asia/Tokyo] デバッグ: ゲームスタート
[12-Sep-2022 10:27:35 Asia/Tokyo] デバッグ: もっとつかまえる
[12-Sep-2022 10:27:36 Asia/Tokyo] デバッグ: もっとつかまえる
[12-Sep-2022 10:27:38 Asia/Tokyo] デバッグ: もっとつかまえる
[12-Sep-2022 10:27:40 Asia/Tokyo] デバッグ: 上の虫をにがした
[12-Sep-2022 10:27:53 Asia/Tokyo] デバッグ: 観察する
[12-Sep-2022 10:27:59 Asia/Tokyo] デバッグ: 上の虫かごをかんさつ
[12-Sep-2022 10:38:51 Asia/Tokyo] PHP Fatal error:  Uncaught Error: Using $this when not in object context in /Applications/MAMP/htdocs/06_php_objective/insect_capture/index.php:123
Stack trace:
#0 {main}
  thrown in /Applications/MAMP/htdocs/06_php_objective/insect_capture/index.php on line 123
[12-Sep-2022 10:40:53 Asia/Tokyo] デバッグ: ゲームスタート
[12-Sep-2022 10:40:54 Asia/Tokyo] PHP Fatal error:  Uncaught Error: Call to private method Cage::detain() from context '' in /Applications/MAMP/htdocs/06_php_objective/insect_capture/index.php:180
Stack trace:
#0 {main}
  thrown in /Applications/MAMP/htdocs/06_php_objective/insect_capture/index.php on line 180
[12-Sep-2022 10:42:20 Asia/Tokyo] デバッグ: ゲームスタート
[12-Sep-2022 10:42:24 Asia/Tokyo] デバッグ: もっとつかまえる
[12-Sep-2022 10:42:26 Asia/Tokyo] デバッグ: もっとつかまえる
[12-Sep-2022 10:42:29 Asia/Tokyo] デバッグ: もっとつかまえる
[12-Sep-2022 10:42:30 Asia/Tokyo] デバッグ: 逃げた
[12-Sep-2022 10:42:34 Asia/Tokyo] デバッグ: 上の虫をにがした
[12-Sep-2022 10:42:37 Asia/Tokyo] デバッグ: 観察する
[12-Sep-2022 10:42:38 Asia/Tokyo] デバッグ: 上の虫かごをかんさつ
[12-Sep-2022 10:42:41 Asia/Tokyo] デバッグ: 観察する
[12-Sep-2022 10:42:42 Asia/Tokyo] デバッグ: 真ん中の虫かごをかんさつ
[12-Sep-2022 10:42:43 Asia/Tokyo] デバッグ: 観察する
[12-Sep-2022 10:42:44 Asia/Tokyo] デバッグ: 下の虫かごをかんさつ
[12-Sep-2022 10:42:46 Asia/Tokyo] デバッグ: 観察する
[12-Sep-2022 10:45:59 Asia/Tokyo] デバッグ: 真ん中の虫かごをかんさつ
[12-Sep-2022 10:46:01 Asia/Tokyo] デバッグ: もっとつかまえる
[12-Sep-2022 10:46:07 Asia/Tokyo] デバッグ: 上の虫をにがした
[12-Sep-2022 10:49:38 Asia/Tokyo] デバッグ: 観察する
[12-Sep-2022 10:49:39 Asia/Tokyo] デバッグ: 下の虫かごをかんさつ
[12-Sep-2022 12:20:42 Asia/Tokyo] デバッグ: ゲームスタート
[12-Sep-2022 12:20:42 Asia/Tokyo] PHP Fatal error:  Uncaught Error: Unsupported operand types in /Applications/MAMP/htdocs/06_php_objective/insect_capture/index.php:166
Stack trace:
#0 /Applications/MAMP/htdocs/06_php_objective/insect_capture/index.php(178): encountInsect()
#1 /Applications/MAMP/htdocs/06_php_objective/insect_capture/index.php(206): init()
#2 {main}
  thrown in /Applications/MAMP/htdocs/06_php_objective/insect_capture/index.php on line 166
[12-Sep-2022 12:21:10 Asia/Tokyo] デバッグ: ゲームスタート
[12-Sep-2022 12:21:10 Asia/Tokyo] PHP Fatal error:  Uncaught Error: Unsupported operand types in /Applications/MAMP/htdocs/06_php_objective/insect_capture/index.php:166
Stack trace:
#0 /Applications/MAMP/htdocs/06_php_objective/insect_capture/index.php(178): encountInsect()
#1 /Applications/MAMP/htdocs/06_php_objective/insect_capture/index.php(206): init()
#2 {main}
  thrown in /Applications/MAMP/htdocs/06_php_objective/insect_capture/index.php on line 166
[12-Sep-2022 12:21:27 Asia/Tokyo] PHP Notice:  Undefined index: insect in /Applications/MAMP/htdocs/06_php_objective/insect_capture/index.php on line 328
[12-Sep-2022 12:21:27 Asia/Tokyo] PHP Fatal error:  Uncaught Error: Call to a member function getName() on null in /Applications/MAMP/htdocs/06_php_objective/insect_capture/index.php:328
Stack trace:
#0 {main}
  thrown in /Applications/MAMP/htdocs/06_php_objective/insect_capture/index.php on line 328
[12-Sep-2022 12:22:32 Asia/Tokyo] デバッグ: ゲームスタート
[12-Sep-2022 12:22:39 Asia/Tokyo] デバッグ: 観察する
[12-Sep-2022 12:22:40 Asia/Tokyo] デバッグ: 上の虫かごをかんさつ
[13-Sep-2022 10:56:22 Asia/Tokyo] デバッグ: ゲームスタート
[13-Sep-2022 10:56:33 Asia/Tokyo] デバッグ: 観察する
[13-Sep-2022 10:56:34 Asia/Tokyo] デバッグ: 上の虫かごをかんさつ
[13-Sep-2022 10:56:37 Asia/Tokyo] デバッグ: 観察する
[13-Sep-2022 10:56:39 Asia/Tokyo] デバッグ: 上の虫かごをかんさつ
[13-Sep-2022 10:56:41 Asia/Tokyo] デバッグ: もっとつかまえる
[13-Sep-2022 10:56:46 Asia/Tokyo] デバッグ: 観察する
[13-Sep-2022 10:56:47 Asia/Tokyo] デバッグ: 真ん中の虫かごをかんさつ
[13-Sep-2022 10:56:50 Asia/Tokyo] デバッグ: もっとつかまえる
[13-Sep-2022 10:57:22 Asia/Tokyo] デバッグ: もっとつかまえる
[13-Sep-2022 11:09:06 Asia/Tokyo] デバッグ: ゲームスタート
[13-Sep-2022 11:09:10 Asia/Tokyo] デバッグ: もっとつかまえる
[13-Sep-2022 11:09:30 Asia/Tokyo] デバッグ: 観察する
[13-Sep-2022 11:09:31 Asia/Tokyo] デバッグ: 真ん中の虫かごをかんさつ
[13-Sep-2022 11:10:29 Asia/Tokyo] デバッグ: ゲームスタート
[13-Sep-2022 11:10:31 Asia/Tokyo] デバッグ: 逃げた
[13-Sep-2022 11:10:32 Asia/Tokyo] デバッグ: 逃げた
[13-Sep-2022 11:10:33 Asia/Tokyo] デバッグ: 逃げた
[13-Sep-2022 11:10:42 Asia/Tokyo] デバッグ: 観察する
[13-Sep-2022 11:10:43 Asia/Tokyo] デバッグ: 上の虫かごをかんさつ
[13-Sep-2022 11:10:58 Asia/Tokyo] デバッグ: もっとつかまえる
[13-Sep-2022 11:11:02 Asia/Tokyo] デバッグ: 観察する
[13-Sep-2022 11:11:03 Asia/Tokyo] デバッグ: 真ん中の虫かごをかんさつ
[13-Sep-2022 11:11:13 Asia/Tokyo] デバッグ: もっとつかまえる
[13-Sep-2022 11:11:15 Asia/Tokyo] デバッグ: 逃げた
[13-Sep-2022 11:11:17 Asia/Tokyo] デバッグ: 逃げた
[13-Sep-2022 11:11:18 Asia/Tokyo] デバッグ: 逃げた
[13-Sep-2022 11:11:21 Asia/Tokyo] デバッグ: もっとつかまえる
[13-Sep-2022 11:11:30 Asia/Tokyo] デバッグ: 下の虫をにがした
[13-Sep-2022 11:13:29 Asia/Tokyo] デバッグ: さらにつかまえる
[13-Sep-2022 11:13:30 Asia/Tokyo] デバッグ: 逃げた
[13-Sep-2022 11:13:31 Asia/Tokyo] デバッグ: 逃げた
[13-Sep-2022 11:13:39 Asia/Tokyo] デバッグ: 上の虫をにがした
[13-Sep-2022 11:13:41 Asia/Tokyo] デバッグ: 観察する
[13-Sep-2022 11:13:42 Asia/Tokyo] デバッグ: 上の虫かごをかんさつ
[13-Sep-2022 11:13:53 Asia/Tokyo] デバッグ: さらにつかまえる
[13-Sep-2022 11:13:54 Asia/Tokyo] デバッグ: 逃げた
[13-Sep-2022 11:13:55 Asia/Tokyo] デバッグ: 逃げた
[13-Sep-2022 11:13:56 Asia/Tokyo] デバッグ: 逃げた
[13-Sep-2022 11:13:57 Asia/Tokyo] デバッグ: 逃げた
[13-Sep-2022 11:13:58 Asia/Tokyo] デバッグ: 逃げた
[13-Sep-2022 11:13:59 Asia/Tokyo] デバッグ: 逃げた
[13-Sep-2022 11:14:03 Asia/Tokyo] デバッグ: 今つかまえた虫をにがした
[13-Sep-2022 11:14:06 Asia/Tokyo] デバッグ: さらにつかまえる
[13-Sep-2022 11:14:08 Asia/Tokyo] デバッグ: 今つかまえた虫をにがした
[13-Sep-2022 11:14:11 Asia/Tokyo] デバッグ: さらにつかまえる
[13-Sep-2022 11:14:12 Asia/Tokyo] デバッグ: 逃げた
[13-Sep-2022 11:14:13 Asia/Tokyo] デバッグ: 逃げた
[13-Sep-2022 11:14:14 Asia/Tokyo] デバッグ: 逃げた
[13-Sep-2022 11:14:16 Asia/Tokyo] デバッグ: 逃げた
[13-Sep-2022 11:14:16 Asia/Tokyo] デバッグ: 逃げた
[13-Sep-2022 11:14:17 Asia/Tokyo] デバッグ: 逃げた
[13-Sep-2022 11:14:18 Asia/Tokyo] デバッグ: 逃げた
[13-Sep-2022 11:14:18 Asia/Tokyo] デバッグ: 逃げた
[13-Sep-2022 11:14:32 Asia/Tokyo] デバッグ: 今つかまえた虫をにがした
[13-Sep-2022 11:14:34 Asia/Tokyo] デバッグ: さらにつかまえる
[13-Sep-2022 11:14:40 Asia/Tokyo] デバッグ: 今つかまえた虫をにがした
[13-Sep-2022 11:14:42 Asia/Tokyo] デバッグ: さらにつかまえる
[13-Sep-2022 11:14:45 Asia/Tokyo] デバッグ: 逃げた
[13-Sep-2022 11:14:45 Asia/Tokyo] デバッグ: 逃げた
[13-Sep-2022 11:14:46 Asia/Tokyo] デバッグ: 逃げた
[13-Sep-2022 11:14:47 Asia/Tokyo] デバッグ: 逃げた
[13-Sep-2022 11:14:52 Asia/Tokyo] デバッグ: 今つかまえた虫をにがした
[13-Sep-2022 11:14:55 Asia/Tokyo] デバッグ: さらにつかまえる
[13-Sep-2022 11:14:57 Asia/Tokyo] デバッグ: 今つかまえた虫をにがした
[13-Sep-2022 11:14:58 Asia/Tokyo] デバッグ: さらにつかまえる
[13-Sep-2022 11:14:59 Asia/Tokyo] デバッグ: 逃げた
[13-Sep-2022 11:15:00 Asia/Tokyo] デバッグ: 逃げた
[13-Sep-2022 11:15:01 Asia/Tokyo] デバッグ: 逃げた
[13-Sep-2022 11:15:01 Asia/Tokyo] デバッグ: 逃げた
[13-Sep-2022 11:15:02 Asia/Tokyo] デバッグ: 逃げた
[13-Sep-2022 11:15:03 Asia/Tokyo] デバッグ: 逃げた
[13-Sep-2022 11:15:04 Asia/Tokyo] デバッグ: 逃げた
[13-Sep-2022 11:15:13 Asia/Tokyo] デバッグ: 真ん中の虫をにがした
[13-Sep-2022 11:15:15 Asia/Tokyo] デバッグ: 観察する
[13-Sep-2022 11:15:16 Asia/Tokyo] デバッグ: 真ん中の虫かごをかんさつ
[13-Sep-2022 11:16:48 Asia/Tokyo] デバッグ: ゲームスタート
[13-Sep-2022 11:16:49 Asia/Tokyo] デバッグ: 逃げた
[13-Sep-2022 11:16:50 Asia/Tokyo] デバッグ: 逃げた
[13-Sep-2022 11:16:51 Asia/Tokyo] デバッグ: 逃げた
[13-Sep-2022 11:16:52 Asia/Tokyo] デバッグ: 逃げた
[13-Sep-2022 11:16:53 Asia/Tokyo] デバッグ: 逃げた
[13-Sep-2022 11:16:54 Asia/Tokyo] デバッグ: 逃げた
[13-Sep-2022 11:16:55 Asia/Tokyo] デバッグ: 逃げた
[13-Sep-2022 11:16:55 Asia/Tokyo] デバッグ: 逃げた
[13-Sep-2022 11:16:56 Asia/Tokyo] デバッグ: 逃げた
[13-Sep-2022 11:16:57 Asia/Tokyo] デバッグ: 逃げた
[13-Sep-2022 11:17:10 Asia/Tokyo] デバッグ: さらにつかまえる
[13-Sep-2022 11:17:11 Asia/Tokyo] デバッグ: 逃げた
[13-Sep-2022 11:17:12 Asia/Tokyo] デバッグ: 逃げた
[13-Sep-2022 11:17:13 Asia/Tokyo] デバッグ: 逃げた
[13-Sep-2022 11:17:14 Asia/Tokyo] デバッグ: 逃げた
[13-Sep-2022 11:17:15 Asia/Tokyo] デバッグ: 逃げた
[13-Sep-2022 11:17:15 Asia/Tokyo] デバッグ: 逃げた
[13-Sep-2022 11:17:17 Asia/Tokyo] デバッグ: 逃げた
[13-Sep-2022 11:27:40 Asia/Tokyo] デバッグ: ゲームスタート
[13-Sep-2022 11:27:42 Asia/Tokyo] デバッグ: 逃げた
[13-Sep-2022 11:27:43 Asia/Tokyo] デバッグ: 逃げた
[13-Sep-2022 11:27:44 Asia/Tokyo] デバッグ: 逃げた
[13-Sep-2022 11:27:45 Asia/Tokyo] デバッグ: 逃げた
[13-Sep-2022 11:27:54 Asia/Tokyo] デバッグ: さらにつかまえる
[13-Sep-2022 11:27:55 Asia/Tokyo] デバッグ: 逃げた
[13-Sep-2022 11:27:56 Asia/Tokyo] デバッグ: 逃げた
[13-Sep-2022 11:42:06 Asia/Tokyo] デバッグ: ゲームスタート
[13-Sep-2022 11:42:43 Asia/Tokyo] デバッグ: ゲームスタート
[13-Sep-2022 11:43:05 Asia/Tokyo] デバッグ: ゲームスタート
[13-Sep-2022 11:43:09 Asia/Tokyo] デバッグ: さらにつかまえる
[13-Sep-2022 11:43:44 Asia/Tokyo] デバッグ: さらにつかまえる
[13-Sep-2022 11:43:47 Asia/Tokyo] デバッグ: さらにつかまえる
[13-Sep-2022 11:43:49 Asia/Tokyo] デバッグ: さらにつかまえる
[13-Sep-2022 11:43:50 Asia/Tokyo] デバッグ: さらにつかまえる
[13-Sep-2022 11:43:58 Asia/Tokyo] デバッグ: 真ん中の虫をにがした
[13-Sep-2022 11:46:52 Asia/Tokyo] デバッグ: ゲームスタート
[13-Sep-2022 11:46:57 Asia/Tokyo] デバッグ: さらに探す
[13-Sep-2022 11:47:01 Asia/Tokyo] デバッグ: さらに探す
[13-Sep-2022 11:47:04 Asia/Tokyo] デバッグ: 観察する
[13-Sep-2022 11:47:06 Asia/Tokyo] デバッグ: 真ん中の虫かごをかんさつ
[13-Sep-2022 11:50:59 Asia/Tokyo] デバッグ: ゲームスタート
[13-Sep-2022 11:51:02 Asia/Tokyo] デバッグ: さらに探す
[13-Sep-2022 11:51:16 Asia/Tokyo] デバッグ: さらに探す
[13-Sep-2022 11:51:20 Asia/Tokyo] デバッグ: さらに探す
[13-Sep-2022 11:51:25 Asia/Tokyo] デバッグ: さらに探す
[13-Sep-2022 11:51:28 Asia/Tokyo] デバッグ: さらに探す
[13-Sep-2022 11:51:32 Asia/Tokyo] デバッグ: 上の虫をにがした
[13-Sep-2022 11:51:34 Asia/Tokyo] デバッグ: さらに探す
[13-Sep-2022 11:51:37 Asia/Tokyo] デバッグ: 真ん中の虫をにがした
[13-Sep-2022 11:51:39 Asia/Tokyo] デバッグ: さらに探す
[13-Sep-2022 11:51:41 Asia/Tokyo] デバッグ: 真ん中の虫をにがした
[13-Sep-2022 11:51:43 Asia/Tokyo] デバッグ: 観察する
[13-Sep-2022 11:51:44 Asia/Tokyo] デバッグ: 真ん中の虫かごをかんさつ
[13-Sep-2022 11:51:47 Asia/Tokyo] デバッグ: 観察する
[13-Sep-2022 11:51:48 Asia/Tokyo] デバッグ: 上の虫かごをかんさつ
[13-Sep-2022 11:51:50 Asia/Tokyo] デバッグ: 観察する
[13-Sep-2022 11:51:51 Asia/Tokyo] デバッグ: 下の虫かごをかんさつ
[13-Sep-2022 11:51:55 Asia/Tokyo] デバッグ: 観察する
[13-Sep-2022 11:51:57 Asia/Tokyo] デバッグ: 真ん中の虫かごをかんさつ
[13-Sep-2022 11:52:00 Asia/Tokyo] デバッグ: やめる
[14-Sep-2022 11:52:29 Asia/Tokyo] デバッグ: ゲームスタート
[14-Sep-2022 11:52:32 Asia/Tokyo] デバッグ: 観察する
[14-Sep-2022 11:52:34 Asia/Tokyo] デバッグ: 上の虫かごをかんさつ
[14-Sep-2022 11:52:34 Asia/Tokyo] PHP Notice:  Undefined variable: insects_03 in /Applications/MAMP/htdocs/06_php_objective/insect_capture/index.php on line 111
[14-Sep-2022 11:52:34 Asia/Tokyo] PHP Warning:  count(): Parameter must be an array or an object that implements Countable in /Applications/MAMP/htdocs/06_php_objective/insect_capture/index.php on line 111
[14-Sep-2022 11:52:34 Asia/Tokyo] PHP Warning:  Division by zero in /Applications/MAMP/htdocs/06_php_objective/insect_capture/index.php on line 111
[14-Sep-2022 11:55:48 Asia/Tokyo] デバッグ: ゲームスタート
[14-Sep-2022 11:55:53 Asia/Tokyo] デバッグ: 観察する
[14-Sep-2022 11:55:54 Asia/Tokyo] デバッグ: 上の虫かごをかんさつ
[14-Sep-2022 11:56:11 Asia/Tokyo] デバッグ: さらに探す
[14-Sep-2022 11:56:12 Asia/Tokyo] デバッグ: 逃げた
[14-Sep-2022 11:56:14 Asia/Tokyo] デバッグ: 逃げた
[14-Sep-2022 11:56:15 Asia/Tokyo] デバッグ: 逃げた
[14-Sep-2022 11:56:20 Asia/Tokyo] デバッグ: 観察する
[14-Sep-2022 11:56:21 Asia/Tokyo] デバッグ: 真ん中の虫かごをかんさつ
[14-Sep-2022 12:04:38 Asia/Tokyo] デバッグ: ゲームスタート
[14-Sep-2022 12:04:43 Asia/Tokyo] デバッグ: 観察する
[14-Sep-2022 12:04:44 Asia/Tokyo] デバッグ: 上の虫かごをかんさつ
[14-Sep-2022 12:05:23 Asia/Tokyo] デバッグ: さらに探す
[14-Sep-2022 12:05:29 Asia/Tokyo] デバッグ: さらに探す
[14-Sep-2022 12:05:34 Asia/Tokyo] デバッグ: 観察する
[14-Sep-2022 12:05:35 Asia/Tokyo] デバッグ: 真ん中の虫かごをかんさつ
[14-Sep-2022 12:05:39 Asia/Tokyo] デバッグ: さらに探す
[14-Sep-2022 12:05:42 Asia/Tokyo] デバッグ: 観察する
[14-Sep-2022 12:05:43 Asia/Tokyo] デバッグ: 下の虫かごをかんさつ
[14-Sep-2022 12:05:58 Asia/Tokyo] デバッグ: さらに探す
[14-Sep-2022 12:06:01 Asia/Tokyo] デバッグ: 下の虫をにがした
[14-Sep-2022 12:06:04 Asia/Tokyo] デバッグ: 観察する
[14-Sep-2022 12:06:05 Asia/Tokyo] デバッグ: 下の虫かごをかんさつ
[14-Sep-2022 12:06:12 Asia/Tokyo] デバッグ: さらに探す
[14-Sep-2022 12:06:14 Asia/Tokyo] デバッグ: 逃げた
[14-Sep-2022 12:06:15 Asia/Tokyo] デバッグ: 逃げた
[14-Sep-2022 12:06:16 Asia/Tokyo] デバッグ: 逃げた
[14-Sep-2022 12:06:21 Asia/Tokyo] デバッグ: さらに探す
[14-Sep-2022 12:06:23 Asia/Tokyo] デバッグ: 逃げた
[14-Sep-2022 12:06:24 Asia/Tokyo] デバッグ: 逃げた
[14-Sep-2022 12:06:24 Asia/Tokyo] デバッグ: 逃げた
[14-Sep-2022 12:06:25 Asia/Tokyo] デバッグ: 逃げた
[14-Sep-2022 12:06:26 Asia/Tokyo] デバッグ: 逃げた
[14-Sep-2022 12:06:29 Asia/Tokyo] デバッグ: やめる
[14-Sep-2022 12:06:30 Asia/Tokyo] デバッグ: ゲームスタート
[14-Sep-2022 12:06:34 Asia/Tokyo] デバッグ: 観察する
[14-Sep-2022 12:06:35 Asia/Tokyo] デバッグ: 上の虫かごをかんさつ
[14-Sep-2022 12:06:57 Asia/Tokyo] デバッグ: さらに探す
[14-Sep-2022 12:06:58 Asia/Tokyo] デバッグ: 逃げた
[14-Sep-2022 12:07:01 Asia/Tokyo] デバッグ: 観察する
[14-Sep-2022 12:07:02 Asia/Tokyo] デバッグ: 真ん中の虫かごをかんさつ
[14-Sep-2022 12:07:10 Asia/Tokyo] デバッグ: さらに探す
[14-Sep-2022 12:07:11 Asia/Tokyo] デバッグ: 逃げた
[14-Sep-2022 12:07:12 Asia/Tokyo] デバッグ: 逃げた
[14-Sep-2022 12:07:14 Asia/Tokyo] デバッグ: 逃げた
[14-Sep-2022 12:07:14 Asia/Tokyo] デバッグ: 逃げた
[14-Sep-2022 12:07:15 Asia/Tokyo] デバッグ: 逃げた
[14-Sep-2022 12:07:16 Asia/Tokyo] デバッグ: 逃げた
[14-Sep-2022 12:07:17 Asia/Tokyo] デバッグ: 逃げた
[14-Sep-2022 12:07:18 Asia/Tokyo] デバッグ: 逃げた
[14-Sep-2022 12:07:21 Asia/Tokyo] デバッグ: 観察する
[14-Sep-2022 12:07:22 Asia/Tokyo] デバッグ: 下の虫かごをかんさつ
[14-Sep-2022 12:07:39 Asia/Tokyo] デバッグ: さらに探す
[14-Sep-2022 12:07:43 Asia/Tokyo] デバッグ: さらに探す
[14-Sep-2022 12:07:45 Asia/Tokyo] デバッグ: 逃げた
[14-Sep-2022 12:07:47 Asia/Tokyo] デバッグ: 逃げた
[14-Sep-2022 12:07:48 Asia/Tokyo] デバッグ: 逃げた
[14-Sep-2022 12:07:49 Asia/Tokyo] デバッグ: 逃げた
[14-Sep-2022 12:07:50 Asia/Tokyo] デバッグ: 逃げた
[14-Sep-2022 12:07:51 Asia/Tokyo] デバッグ: 逃げた
[14-Sep-2022 12:07:53 Asia/Tokyo] デバッグ: 逃げた
[14-Sep-2022 12:07:54 Asia/Tokyo] デバッグ: 逃げた
[14-Sep-2022 12:07:58 Asia/Tokyo] デバッグ: 上の虫をにがした
[14-Sep-2022 12:08:00 Asia/Tokyo] デバッグ: 観察する
[14-Sep-2022 12:08:01 Asia/Tokyo] デバッグ: 上の虫かごをかんさつ
[14-Sep-2022 12:08:12 Asia/Tokyo] デバッグ: さらに探す
[14-Sep-2022 12:08:14 Asia/Tokyo] デバッグ: 逃げた
[14-Sep-2022 12:08:14 Asia/Tokyo] デバッグ: 逃げた
[14-Sep-2022 12:08:16 Asia/Tokyo] デバッグ: 逃げた
[14-Sep-2022 12:08:21 Asia/Tokyo] デバッグ: 真ん中の虫をにがした
[14-Sep-2022 12:08:23 Asia/Tokyo] デバッグ: 観察する
[14-Sep-2022 12:08:24 Asia/Tokyo] デバッグ: 真ん中の虫かごをかんさつ
[14-Sep-2022 12:08:37 Asia/Tokyo] デバッグ: さらに探す
[14-Sep-2022 12:08:40 Asia/Tokyo] デバッグ: 逃げた
[14-Sep-2022 12:08:42 Asia/Tokyo] デバッグ: 逃げた
[14-Sep-2022 12:08:42 Asia/Tokyo] デバッグ: 逃げた
[14-Sep-2022 12:08:43 Asia/Tokyo] デバッグ: 逃げた
[14-Sep-2022 12:08:44 Asia/Tokyo] デバッグ: 逃げた
[14-Sep-2022 12:08:46 Asia/Tokyo] デバッグ: 逃げた
[14-Sep-2022 12:08:47 Asia/Tokyo] デバッグ: 逃げた
[14-Sep-2022 12:08:47 Asia/Tokyo] デバッグ: 逃げた
[14-Sep-2022 12:08:48 Asia/Tokyo] デバッグ: 逃げた
[14-Sep-2022 12:08:49 Asia/Tokyo] デバッグ: 逃げた
[14-Sep-2022 12:08:50 Asia/Tokyo] デバッグ: 逃げた
[14-Sep-2022 12:08:51 Asia/Tokyo] デバッグ: 逃げた
[14-Sep-2022 12:08:51 Asia/Tokyo] デバッグ: 逃げた
[14-Sep-2022 12:08:52 Asia/Tokyo] デバッグ: 逃げた
[14-Sep-2022 12:08:59 Asia/Tokyo] デバッグ: 下の虫をにがした
[14-Sep-2022 12:09:00 Asia/Tokyo] デバッグ: 観察する
[14-Sep-2022 12:09:01 Asia/Tokyo] デバッグ: 下の虫かごをかんさつ
[14-Sep-2022 12:09:27 Asia/Tokyo] デバッグ: さらに探す
[14-Sep-2022 12:09:31 Asia/Tokyo] デバッグ: 下の虫をにがした
[14-Sep-2022 12:09:33 Asia/Tokyo] デバッグ: 観察する
[14-Sep-2022 12:09:34 Asia/Tokyo] デバッグ: 下の虫かごをかんさつ
[14-Sep-2022 12:09:37 Asia/Tokyo] デバッグ: 観察する
[14-Sep-2022 12:09:39 Asia/Tokyo] デバッグ: 真ん中の虫かごをかんさつ
[14-Sep-2022 12:09:41 Asia/Tokyo] デバッグ: さらに探す
[14-Sep-2022 12:09:42 Asia/Tokyo] デバッグ: 逃げた
[14-Sep-2022 12:09:44 Asia/Tokyo] デバッグ: 逃げた
[14-Sep-2022 12:09:46 Asia/Tokyo] デバッグ: やめる
[15-Sep-2022 13:19:26 Asia/Tokyo] デバッグ: ゲームスタート
[15-Sep-2022 13:19:31 Asia/Tokyo] デバッグ: 観察する
[15-Sep-2022 13:19:32 Asia/Tokyo] デバッグ: 上の虫かごをかんさつ
[15-Sep-2022 13:19:43 Asia/Tokyo] デバッグ: さらに探す
[15-Sep-2022 13:19:44 Asia/Tokyo] デバッグ: 逃げた
[15-Sep-2022 13:19:45 Asia/Tokyo] デバッグ: 逃げた
[15-Sep-2022 13:19:48 Asia/Tokyo] デバッグ: 逃げた
[15-Sep-2022 13:19:53 Asia/Tokyo] デバッグ: 観察する
[15-Sep-2022 13:19:54 Asia/Tokyo] デバッグ: 真ん中の虫かごをかんさつ
[15-Sep-2022 13:19:58 Asia/Tokyo] デバッグ: さらに探す
[15-Sep-2022 13:20:04 Asia/Tokyo] デバッグ: さらに探す
[15-Sep-2022 13:20:06 Asia/Tokyo] デバッグ: 逃げた
[15-Sep-2022 13:20:07 Asia/Tokyo] デバッグ: 逃げた
[15-Sep-2022 13:20:08 Asia/Tokyo] デバッグ: 逃げた
[15-Sep-2022 13:20:09 Asia/Tokyo] デバッグ: 逃げた
[15-Sep-2022 13:20:12 Asia/Tokyo] デバッグ: 逃げた
[15-Sep-2022 13:20:14 Asia/Tokyo] デバッグ: 逃げた
[15-Sep-2022 13:20:14 Asia/Tokyo] デバッグ: 逃げた
[15-Sep-2022 13:20:17 Asia/Tokyo] デバッグ: 観察する
[15-Sep-2022 13:20:18 Asia/Tokyo] デバッグ: 下の虫かごをかんさつ
[15-Sep-2022 13:20:27 Asia/Tokyo] デバッグ: 観察する
[15-Sep-2022 13:20:28 Asia/Tokyo] デバッグ: 上の虫かごをかんさつ
[15-Sep-2022 13:20:36 Asia/Tokyo] デバッグ: さらに探す
[15-Sep-2022 13:20:37 Asia/Tokyo] デバッグ: 逃げた
[15-Sep-2022 13:20:38 Asia/Tokyo] デバッグ: 逃げた
[15-Sep-2022 13:20:41 Asia/Tokyo] デバッグ: さらに探す
[15-Sep-2022 13:20:43 Asia/Tokyo] デバッグ: 逃げた
[15-Sep-2022 13:20:43 Asia/Tokyo] デバッグ: 逃げた
[15-Sep-2022 13:20:48 Asia/Tokyo] デバッグ: 逃げた
[15-Sep-2022 13:20:53 Asia/Tokyo] デバッグ: やめる
[15-Sep-2022 13:20:54 Asia/Tokyo] デバッグ: ゲームスタート
[15-Sep-2022 13:20:58 Asia/Tokyo] デバッグ: さらに探す
[15-Sep-2022 13:21:00 Asia/Tokyo] デバッグ: さらに探す
[15-Sep-2022 13:21:04 Asia/Tokyo] デバッグ: さらに探す
[15-Sep-2022 13:21:08 Asia/Tokyo] デバッグ: さらに探す
[15-Sep-2022 13:21:09 Asia/Tokyo] デバッグ: 逃げた
[15-Sep-2022 13:21:10 Asia/Tokyo] デバッグ: 逃げた
[15-Sep-2022 13:21:16 Asia/Tokyo] デバッグ: 真ん中の虫をにがした
[15-Sep-2022 13:21:18 Asia/Tokyo] デバッグ: 観察する
[15-Sep-2022 13:21:19 Asia/Tokyo] デバッグ: 真ん中の虫かごをかんさつ
[15-Sep-2022 13:21:25 Asia/Tokyo] デバッグ: 観察する
[15-Sep-2022 13:21:26 Asia/Tokyo] デバッグ: 下の虫かごをかんさつ
[15-Sep-2022 13:21:34 Asia/Tokyo] デバッグ: さらに探す
[15-Sep-2022 13:21:36 Asia/Tokyo] デバッグ: 逃げた
[15-Sep-2022 13:21:36 Asia/Tokyo] デバッグ: 逃げた
[15-Sep-2022 13:21:37 Asia/Tokyo] デバッグ: 逃げた
[15-Sep-2022 13:21:39 Asia/Tokyo] デバッグ: 逃げた
[15-Sep-2022 13:21:41 Asia/Tokyo] デバッグ: 逃げた
[15-Sep-2022 13:21:46 Asia/Tokyo] デバッグ: 上の虫をにがした
[15-Sep-2022 13:21:47 Asia/Tokyo] デバッグ: 観察する
[15-Sep-2022 13:21:49 Asia/Tokyo] デバッグ: 上の虫かごをかんさつ
[15-Sep-2022 13:21:51 Asia/Tokyo] デバッグ: さらに探す
[15-Sep-2022 13:21:55 Asia/Tokyo] デバッグ: 上の虫をにがした
[15-Sep-2022 13:21:56 Asia/Tokyo] デバッグ: 観察する
[15-Sep-2022 13:21:58 Asia/Tokyo] デバッグ: 上の虫かごをかんさつ
[15-Sep-2022 13:22:02 Asia/Tokyo] デバッグ: さらに探す
[15-Sep-2022 13:22:04 Asia/Tokyo] デバッグ: 逃げた
[15-Sep-2022 13:22:05 Asia/Tokyo] デバッグ: 逃げた
[15-Sep-2022 13:22:05 Asia/Tokyo] デバッグ: 逃げた
[15-Sep-2022 13:22:06 Asia/Tokyo] デバッグ: 逃げた
[15-Sep-2022 13:22:07 Asia/Tokyo] デバッグ: 逃げた
[15-Sep-2022 13:22:08 Asia/Tokyo] デバッグ: 逃げた
[15-Sep-2022 13:22:12 Asia/Tokyo] デバッグ: 下の虫をにがした
[15-Sep-2022 13:22:13 Asia/Tokyo] デバッグ: 観察する
[15-Sep-2022 13:22:14 Asia/Tokyo] デバッグ: 下の虫かごをかんさつ
[15-Sep-2022 13:22:20 Asia/Tokyo] デバッグ: さらに探す
[15-Sep-2022 13:22:21 Asia/Tokyo] デバッグ: 逃げた
[15-Sep-2022 13:22:27 Asia/Tokyo] デバッグ: 下の虫をにがした
[15-Sep-2022 13:22:28 Asia/Tokyo] デバッグ: 観察する
[15-Sep-2022 13:22:29 Asia/Tokyo] デバッグ: 下の虫かごをかんさつ
[15-Sep-2022 13:22:31 Asia/Tokyo] デバッグ: さらに探す
[15-Sep-2022 13:22:34 Asia/Tokyo] デバッグ: 今つかまえた虫をにがした
[15-Sep-2022 13:22:37 Asia/Tokyo] デバッグ: さらに探す
[15-Sep-2022 13:22:41 Asia/Tokyo] デバッグ: 上の虫をにがした
[15-Sep-2022 13:22:42 Asia/Tokyo] デバッグ: 観察する
[15-Sep-2022 13:22:43 Asia/Tokyo] デバッグ: 上の虫かごをかんさつ
[15-Sep-2022 13:22:46 Asia/Tokyo] デバッグ: 観察する
[15-Sep-2022 13:22:47 Asia/Tokyo] デバッグ: 下の虫かごをかんさつ
[15-Sep-2022 13:22:49 Asia/Tokyo] デバッグ: 観察する
[15-Sep-2022 13:22:50 Asia/Tokyo] デバッグ: 真ん中の虫かごをかんさつ
[15-Sep-2022 13:22:53 Asia/Tokyo] デバッグ: さらに探す
[15-Sep-2022 13:22:54 Asia/Tokyo] デバッグ: 逃げた
[15-Sep-2022 13:22:57 Asia/Tokyo] デバッグ: 逃げた
[15-Sep-2022 13:22:58 Asia/Tokyo] デバッグ: 逃げた
[15-Sep-2022 13:22:58 Asia/Tokyo] デバッグ: 逃げた
[15-Sep-2022 13:22:59 Asia/Tokyo] デバッグ: 逃げた
[15-Sep-2022 13:23:05 Asia/Tokyo] デバッグ: さらに探す
[15-Sep-2022 13:23:10 Asia/Tokyo] デバッグ: 上の虫をにがした
[15-Sep-2022 13:23:11 Asia/Tokyo] デバッグ: 観察する
[15-Sep-2022 13:23:12 Asia/Tokyo] デバッグ: 上の虫かごをかんさつ
[15-Sep-2022 13:23:16 Asia/Tokyo] デバッグ: さらに探す
[15-Sep-2022 13:23:17 Asia/Tokyo] デバッグ: 逃げた
[15-Sep-2022 13:23:17 Asia/Tokyo] デバッグ: 逃げた
[15-Sep-2022 13:23:18 Asia/Tokyo] デバッグ: 逃げた
[15-Sep-2022 13:23:19 Asia/Tokyo] デバッグ: 逃げた
[15-Sep-2022 13:23:20 Asia/Tokyo] デバッグ: 逃げた
[15-Sep-2022 13:23:21 Asia/Tokyo] デバッグ: 逃げた
[15-Sep-2022 13:23:22 Asia/Tokyo] デバッグ: 逃げた
[15-Sep-2022 13:23:22 Asia/Tokyo] デバッグ: 逃げた
[15-Sep-2022 13:23:23 Asia/Tokyo] デバッグ: 逃げた
[15-Sep-2022 13:23:24 Asia/Tokyo] デバッグ: 逃げた
[15-Sep-2022 13:23:25 Asia/Tokyo] デバッグ: 逃げた
[15-Sep-2022 13:23:26 Asia/Tokyo] デバッグ: 逃げた
[15-Sep-2022 13:23:27 Asia/Tokyo] デバッグ: 逃げた
[15-Sep-2022 13:23:29 Asia/Tokyo] デバッグ: 逃げた
[15-Sep-2022 13:23:29 Asia/Tokyo] デバッグ: 逃げた
[15-Sep-2022 13:23:34 Asia/Tokyo] デバッグ: 上の虫をにがした
[15-Sep-2022 13:23:36 Asia/Tokyo] デバッグ: 観察する
[15-Sep-2022 13:23:37 Asia/Tokyo] デバッグ: 上の虫かごをかんさつ
[15-Sep-2022 13:31:55 Asia/Tokyo] デバッグ: ゲームスタート
[15-Sep-2022 13:37:36 Asia/Tokyo] デバッグ: さらに探す
[15-Sep-2022 13:38:45 Asia/Tokyo] デバッグ: ゲームスタート
[15-Sep-2022 13:38:51 Asia/Tokyo] デバッグ: さらに探す
[15-Sep-2022 13:41:29 Asia/Tokyo] デバッグ: ゲームスタート
[15-Sep-2022 13:41:38 Asia/Tokyo] デバッグ: さらに探す
[15-Sep-2022 13:41:45 Asia/Tokyo] デバッグ: さらに探す
[15-Sep-2022 13:42:23 Asia/Tokyo] デバッグ: ゲームスタート
[15-Sep-2022 13:42:30 Asia/Tokyo] デバッグ: 観察する
[15-Sep-2022 13:42:31 Asia/Tokyo] デバッグ: 上の虫かごをかんさつ
[15-Sep-2022 13:44:06 Asia/Tokyo] デバッグ: ゲームスタート
[15-Sep-2022 13:44:15 Asia/Tokyo] デバッグ: 観察する
[15-Sep-2022 13:44:16 Asia/Tokyo] デバッグ: 上の虫かごをかんさつ
[15-Sep-2022 13:44:19 Asia/Tokyo] デバッグ: さらに探す
[15-Sep-2022 13:44:24 Asia/Tokyo] デバッグ: 観察する
[15-Sep-2022 13:44:25 Asia/Tokyo] デバッグ: 真ん中の虫かごをかんさつ
[15-Sep-2022 13:44:35 Asia/Tokyo] デバッグ: さらに探す
[15-Sep-2022 13:44:52 Asia/Tokyo] デバッグ: さらに探す
[15-Sep-2022 13:44:54 Asia/Tokyo] デバッグ: さらに探す
[15-Sep-2022 13:44:55 Asia/Tokyo] デバッグ: 逃げた
[15-Sep-2022 13:44:56 Asia/Tokyo] デバッグ: 逃げた
[15-Sep-2022 13:44:57 Asia/Tokyo] デバッグ: 逃げた
[15-Sep-2022 13:44:58 Asia/Tokyo] デバッグ: 逃げた
[15-Sep-2022 13:44:58 Asia/Tokyo] デバッグ: 逃げた
[15-Sep-2022 13:44:59 Asia/Tokyo] デバッグ: 逃げた
[15-Sep-2022 13:45:00 Asia/Tokyo] デバッグ: 逃げた
[15-Sep-2022 13:45:03 Asia/Tokyo] デバッグ: 真ん中の虫をにがした
[15-Sep-2022 13:45:04 Asia/Tokyo] デバッグ: 観察する
[15-Sep-2022 13:45:05 Asia/Tokyo] デバッグ: 真ん中の虫かごをかんさつ
[15-Sep-2022 13:45:09 Asia/Tokyo] デバッグ: さらに探す
[15-Sep-2022 13:45:10 Asia/Tokyo] デバッグ: 逃げた
[15-Sep-2022 13:45:11 Asia/Tokyo] デバッグ: 逃げた
[15-Sep-2022 13:45:12 Asia/Tokyo] デバッグ: 逃げた
[15-Sep-2022 13:45:13 Asia/Tokyo] デバッグ: 逃げた
[15-Sep-2022 13:45:13 Asia/Tokyo] デバッグ: 逃げた
[15-Sep-2022 13:45:14 Asia/Tokyo] デバッグ: 逃げた
[15-Sep-2022 13:45:15 Asia/Tokyo] デバッグ: 逃げた
[15-Sep-2022 13:45:15 Asia/Tokyo] デバッグ: 逃げた
[15-Sep-2022 13:45:16 Asia/Tokyo] デバッグ: 逃げた
[15-Sep-2022 13:45:17 Asia/Tokyo] デバッグ: 逃げた
[15-Sep-2022 13:45:17 Asia/Tokyo] デバッグ: 逃げた
[15-Sep-2022 13:45:18 Asia/Tokyo] デバッグ: 逃げた
[15-Sep-2022 13:45:19 Asia/Tokyo] デバッグ: 逃げた
[15-Sep-2022 13:45:20 Asia/Tokyo] デバッグ: 逃げた
[15-Sep-2022 13:45:20 Asia/Tokyo] デバッグ: 逃げた
[15-Sep-2022 13:45:27 Asia/Tokyo] デバッグ: 下の虫をにがした
[15-Sep-2022 13:45:29 Asia/Tokyo] デバッグ: 観察する
[15-Sep-2022 13:45:30 Asia/Tokyo] デバッグ: 下の虫かごをかんさつ
[15-Sep-2022 13:47:10 Asia/Tokyo] デバッグ: さらに探す
[15-Sep-2022 13:47:11 Asia/Tokyo] デバッグ: 逃げた
[15-Sep-2022 13:47:12 Asia/Tokyo] デバッグ: 逃げた
[15-Sep-2022 13:47:12 Asia/Tokyo] デバッグ: 逃げた
[15-Sep-2022 13:47:14 Asia/Tokyo] デバッグ: 逃げた
[15-Sep-2022 13:47:14 Asia/Tokyo] デバッグ: 逃げた
[15-Sep-2022 13:47:15 Asia/Tokyo] デバッグ: 逃げた
[15-Sep-2022 13:47:15 Asia/Tokyo] デバッグ: 逃げた
[15-Sep-2022 13:47:16 Asia/Tokyo] デバッグ: 逃げた
[15-Sep-2022 13:47:17 Asia/Tokyo] デバッグ: 逃げた
[15-Sep-2022 13:47:17 Asia/Tokyo] デバッグ: 逃げた
[15-Sep-2022 13:47:18 Asia/Tokyo] デバッグ: 逃げた
[15-Sep-2022 13:47:19 Asia/Tokyo] デバッグ: 逃げた
[15-Sep-2022 13:47:20 Asia/Tokyo] デバッグ: 逃げた
[15-Sep-2022 13:47:20 Asia/Tokyo] デバッグ: 逃げた
[15-Sep-2022 13:47:21 Asia/Tokyo] デバッグ: 逃げた
[15-Sep-2022 13:47:25 Asia/Tokyo] デバッグ: やめる
[15-Sep-2022 13:47:27 Asia/Tokyo] デバッグ: ゲームスタート
[15-Sep-2022 13:47:28 Asia/Tokyo] デバッグ: 逃げた
[15-Sep-2022 13:47:29 Asia/Tokyo] デバッグ: 逃げた
[15-Sep-2022 13:47:39 Asia/Tokyo] デバッグ: さらに探す
[15-Sep-2022 13:47:41 Asia/Tokyo] デバッグ: 逃げた
[15-Sep-2022 13:47:41 Asia/Tokyo] デバッグ: 逃げた
[15-Sep-2022 13:47:45 Asia/Tokyo] デバッグ: やめる
[15-Sep-2022 13:47:46 Asia/Tokyo] デバッグ: ゲームスタート
[15-Sep-2022 13:47:49 Asia/Tokyo] デバッグ: 観察する
[15-Sep-2022 13:47:50 Asia/Tokyo] デバッグ: 上の虫かごをかんさつ
[15-Sep-2022 13:47:54 Asia/Tokyo] デバッグ: 観察する
[15-Sep-2022 13:47:55 Asia/Tokyo] デバッグ: 上の虫かごをかんさつ
[15-Sep-2022 13:47:56 Asia/Tokyo] デバッグ: さらに探す
[15-Sep-2022 13:47:59 Asia/Tokyo] デバッグ: 観察する
[15-Sep-2022 13:48:00 Asia/Tokyo] デバッグ: 真ん中の虫かごをかんさつ
[15-Sep-2022 13:48:06 Asia/Tokyo] デバッグ: やめる
